\\psf\home\downloads\comstepbystep_src\addobj\debug\addobj.lib
\\psf\home\downloads\comstepbystep_src\addobj\debug\addobj.exp
c:\users\user\program\comstepbystep_src\addobj\debug\addobj.lib
c:\users\user\program\comstepbystep_src\addobj\debug\addobj.exp
\\psf\home\downloads\comstepbystep_src\addobj\debug\addobj.bsc
c:\users\user\program\comstepbystep_src\addobj\debug\addobj.bsc
\\psf\home\downloads\comstepbystep_src\addobj\debug\vc120.pdb
\\psf\home\downloads\comstepbystep_src\addobj\debug\vc120.idb
\\psf\home\downloads\comstepbystep_src\addobj\debug\registry.sbr
\\psf\home\downloads\comstepbystep_src\addobj\debug\exports.sbr
\\psf\home\downloads\comstepbystep_src\addobj\debug\addobjfactory.sbr
\\psf\home\downloads\comstepbystep_src\addobj\debug\addobj.sbr
\\psf\home\downloads\comstepbystep_src\addobj\debug\addobj.obj
\\psf\home\downloads\comstepbystep_src\addobj\debug\addobjfactory.obj
\\psf\home\downloads\comstepbystep_src\addobj\debug\exports.obj
\\psf\home\downloads\comstepbystep_src\addobj\debug\registry.obj
c:\users\user\program\comstepbystep_src\addobj\debug\vc120.pdb
c:\users\user\program\comstepbystep_src\addobj\debug\vc120.idb
c:\users\user\program\comstepbystep_src\addobj\debug\registry.sbr
c:\users\user\program\comstepbystep_src\addobj\debug\exports.sbr
c:\users\user\program\comstepbystep_src\addobj\debug\addobjfactory.sbr
c:\users\user\program\comstepbystep_src\addobj\debug\addobj.sbr
c:\users\user\program\comstepbystep_src\addobj\debug\addobj.obj
c:\users\user\program\comstepbystep_src\addobj\debug\addobjfactory.obj
c:\users\user\program\comstepbystep_src\addobj\debug\exports.obj
c:\users\user\program\comstepbystep_src\addobj\debug\registry.obj
\\psf\home\downloads\comstepbystep_src\addobj\debug\addobj.ilk
\\psf\home\downloads\comstepbystep_src\addobj\debug\addobj.dll
\\psf\home\downloads\comstepbystep_src\addobj\debug\addobj.pdb
c:\users\user\program\comstepbystep_src\addobj\debug\addobj.ilk
c:\users\user\program\comstepbystep_src\addobj\debug\addobj.dll
c:\users\user\program\comstepbystep_src\addobj\debug\addobj.pdb
\\psf\home\downloads\comstepbystep_src\addobj\debug\addobj.tlb
\\psf\home\downloads\comstepbystep_src\addobj\iadd_p.c
\\psf\home\downloads\comstepbystep_src\addobj\iadd_i.c
\\psf\home\downloads\comstepbystep_src\addobj\iadd_h.h
c:\users\user\program\comstepbystep_src\addobj\debug\addobj.tlb
c:\users\user\program\comstepbystep_src\addobj\iadd_p.c
c:\users\user\program\comstepbystep_src\addobj\iadd_i.c
c:\users\user\program\comstepbystep_src\addobj\iadd_h.h
\\psf\home\downloads\comstepbystep_src\addobj\debug\resource.res
c:\users\user\program\comstepbystep_src\addobj\debug\resource.res
c:\users\user\program\comstepbystep_src\addobj\.\debug\addobj.dll
c:\users\user\program\comstepbystep_src\addobj\debug\addobj.tlog\addobj.write.1u.tlog
c:\users\user\program\comstepbystep_src\addobj\debug\addobj.tlog\bscmake.command.1.tlog
c:\users\user\program\comstepbystep_src\addobj\debug\addobj.tlog\bscmake.read.1.tlog
c:\users\user\program\comstepbystep_src\addobj\debug\addobj.tlog\bscmake.write.1.tlog
c:\users\user\program\comstepbystep_src\addobj\debug\addobj.tlog\cl.command.1.tlog
c:\users\user\program\comstepbystep_src\addobj\debug\addobj.tlog\cl.read.1.tlog
c:\users\user\program\comstepbystep_src\addobj\debug\addobj.tlog\cl.write.1.tlog
c:\users\user\program\comstepbystep_src\addobj\debug\addobj.tlog\link.command.1.tlog
c:\users\user\program\comstepbystep_src\addobj\debug\addobj.tlog\link.read.1.tlog
c:\users\user\program\comstepbystep_src\addobj\debug\addobj.tlog\link.write.1.tlog
c:\users\user\program\comstepbystep_src\addobj\debug\addobj.tlog\midl.command.1.tlog
c:\users\user\program\comstepbystep_src\addobj\debug\addobj.tlog\midl.read.1.tlog
c:\users\user\program\comstepbystep_src\addobj\debug\addobj.tlog\midl.write.1.tlog
c:\users\user\program\comstepbystep_src\addobj\debug\addobj.tlog\rc.command.1.tlog
c:\users\user\program\comstepbystep_src\addobj\debug\addobj.tlog\rc.read.1.tlog
c:\users\user\program\comstepbystep_src\addobj\debug\addobj.tlog\rc.write.1.tlog
