生成启动时间为 2015/3/20 10:39:36。
     1>项目“C:\Users\Wenlong\Desktop\COMProtocol\COMProvider\COMProvider.vcxproj”在节点 2 上(Build 个目标)。
     1>ClCompile:
         C:\Program Files (x86)\Microsoft Visual Studio 12.0\VC\bin\CL.exe /c /ZI /nologo /W3 /WX- /Od /Oy- /D WIN32 /D _DEBUG /D _WINDOWS /D _USRDLL /D COMPROVIDER_EXPORTS /D _WINDLL /D _UNICODE /D UNICODE /Gm /EHsc /RTC1 /MTd /GS /fp:precise /Zc:wchar_t /Zc:forScope /Fo"Debug\\" /Fd"Debug\vc120.pdb" /Gd /TP /analyze- /errorReport:prompt COMProvider.cpp ClassFactory.cpp SampClass.cpp
         SampClass.cpp
     1>c:\users\wenlong\desktop\comprotocol\comprovider\sampclass.cpp(36): warning C4996: 'scanf': This function or variable may be unsafe. Consider using scanf_s instead. To disable deprecation, use _CRT_SECURE_NO_WARNINGS. See online help for details.
                 c:\program files (x86)\microsoft visual studio 12.0\vc\include\stdio.h(283) : 参见“scanf”的声明
     1>c:\users\wenlong\desktop\comprotocol\comprovider\sampclass.cpp(38): warning C4996: 'scanf': This function or variable may be unsafe. Consider using scanf_s instead. To disable deprecation, use _CRT_SECURE_NO_WARNINGS. See online help for details.
                 c:\program files (x86)\microsoft visual studio 12.0\vc\include\stdio.h(283) : 参见“scanf”的声明
         ClassFactory.cpp
         COMProvider.cpp
         正在生成代码...
       Link:
         C:\Program Files (x86)\Microsoft Visual Studio 12.0\VC\bin\link.exe /ERRORREPORT:PROMPT /OUT:"C:\Users\Wenlong\Desktop\COMProtocol\Debug\COMProvider.dll" /INCREMENTAL /NOLOGO kernel32.lib user32.lib gdi32.lib winspool.lib comdlg32.lib advapi32.lib shell32.lib ole32.lib oleaut32.lib uuid.lib odbc32.lib odbccp32.lib /DEF:"COMProvider.def" /MANIFEST /MANIFESTUAC:"level='asInvoker' uiAccess='false'" /manifest:embed /DEBUG /PDB:"C:\Users\Wenlong\Desktop\COMProtocol\Debug\COMProvider.pdb" /SUBSYSTEM:WINDOWS /TLBID:1 /DYNAMICBASE /NXCOMPAT /IMPLIB:"C:\Users\Wenlong\Desktop\COMProtocol\Debug\COMProvider.lib" /MACHINE:X86 /DLL Debug\ClassFactory.obj
         Debug\COMProvider.obj
         Debug\DLLMain.obj
         Debug\SampClass.obj
         COMProvider.vcxproj -> C:\Users\Wenlong\Desktop\COMProtocol\Debug\COMProvider.dll
     1>已完成生成项目“C:\Users\Wenlong\Desktop\COMProtocol\COMProvider\COMProvider.vcxproj”(Build 个目标)的操作。

生成成功。

已用时间 00:00:03.38
